<?xml version="1.0" encoding="UTF-8"?>
<!-- Generated by org.testng.reporters.JUnitReportReporter -->
<testsuite hostname="ds-PC" name="tests.SignUpTest" tests="1" failures="0" timestamp="6 Jul 2017 12:48:21 GMT" time="25.945" errors="0">
  <testcase name="activateAccount" time="25.945" classname="tests.SignUpTest"/>
</testsuite> <!-- tests.SignUpTest -->
