<?xml version="1.0" encoding="UTF-8"?>
<!-- Generated by org.testng.reporters.JUnitReportReporter -->
<testsuite hostname="ds-PC" name="tests.LoginTest" tests="1" failures="0" timestamp="7 Jul 2017 10:20:59 GMT" time="23.845" errors="0">
  <testcase name="LoginApplication" time="23.845" classname="tests.LoginTest"/>
</testsuite> <!-- tests.LoginTest -->
