<?xml version="1.0" encoding="UTF-8"?>
<!-- Generated by org.testng.reporters.JUnitReportReporter -->
<testsuite hostname="DESKTOP-BI4ROG1" name="tests.LoginTest" tests="1" failures="0" timestamp="7 Jul 2017 16:57:41 GMT" time="37.842" errors="0">
  <testcase name="LoginApplication" time="37.842" classname="tests.LoginTest"/>
</testsuite> <!-- tests.LoginTest -->
