<?xml version="1.0" encoding="UTF-8"?>
<!-- Generated by org.testng.reporters.JUnitReportReporter -->
<testsuite hostname="DESKTOP-BI4ROG1" name="tests.SignUpTest" tests="1" failures="0" timestamp="7 Jul 2017 08:30:11 GMT" time="19.719" errors="0">
  <testcase name="SignUpApplication" time="19.719" classname="tests.SignUpTest"/>
</testsuite> <!-- tests.SignUpTest -->
